<?xml version="1.0" encoding="UTF-8"?>
<!-- Generated by org.testng.reporters.JUnitReportReporter -->
<testsuite hostname="DESKTOP-QVFICS5" failures="0" tests="8" name="TestLUMA.TestPageLuma" time="51.865" errors="0" timestamp="2022-12-27T21:23:16 EST" skipped="0">
  <testcase classname="TestLUMA.TestPageLuma" name="test2" time="0.758"/>
  <system-out/>
  <testcase classname="TestLUMA.TestPageLuma" name="test7" time="5.232"/>
  <system-out/>
  <testcase classname="TestLUMA.TestPageLuma" name="test5" time="4.210"/>
  <system-out/>
  <testcase classname="TestLUMA.TestPageLuma" name="test8" time="30.815"/>
  <system-out/>
  <testcase classname="TestLUMA.TestPageLuma" name="test4" time="4.268"/>
  <system-out/>
  <testcase classname="TestLUMA.TestPageLuma" name="test3" time="3.494"/>
  <system-out/>
  <testcase classname="TestLUMA.TestPageLuma" name="test6" time="2.115"/>
  <system-out/>
  <testcase classname="TestLUMA.TestPageLuma" name="test1" time="0.973"/>
  <system-out/>
</testsuite> <!-- TestLUMA.TestPageLuma -->
